2.075992913365364
1.1761623811423778
1.4010996353924274
0.9628538104593753
1.3085962045192718
1.4364155404865742
0.8878360892906785
0.7111584624126553
0.8497161674257367
0.42070129033830017
0.22262692792154848
0.4146877613700926
0.31947881911927833
0.27684071266220417
0.22049830985814334
0.4019008124084212
0.17370110061846208
0.16745613600476644
0.30684433721657844
0.24133928110660055
0.1410852191193262
0.1864417682972271
0.15483113323437284
0.38485379199229647
0.1772183703724295
0.30347545762662775
0.17315300894284155
0.1691055316706188
0.11953057055649696
0.08710210841496882
0.10287660451991541
0.13054889035696396
0.1505393429697724
0.12838063548729406
0.22723558183271234
0.09880163036227169
0.2747768715955899
0.2581291272251983
0.5142954362608725
0.25991870974833725
0.2919620754320058
0.12917018566004118
0.09947961478801153
0.1789780852929689
0.08389356601390319
0.07155793646357052
0.13391431706429216
0.10762897336380046
0.10264100348226567
0.1086174323958694
0.09492674114553483
0.12363000381767052
0.12387916726303229
0.09061790225309596
0.09628014227352968
0.10002615984709701
0.08242775253281434
0.08861086836379764
0.09354117835278157
0.06632669467063533
0.05515595147331078
0.0690590115377854
0.0936877983849372
0.08975898552496801
0.1322806259583158
0.059323269935601275
0.05562475668084744
0.09755025218044285
0.09780864607377589
0.051315567755335904
0.045179910289893994
0.05730517228031954
0.06340316352140507
0.05939501993958766
0.04836787977774065
0.042121601001332235
0.0626802727862996
0.07392843020347664
0.06525833653672078
0.06636197492796692
0.0658425637575765
0.052570001740039514
0.06583070724480058
0.07585648480681993
0.042108290049294735
0.04210400591308462
0.0473547567515343
0.04905275961266352
0.12571488171721285
0.046148527975908564
0.07052645411402045
0.039613516878634986
0.08419882200066456
0.10510379431196122
0.08927218495940213
0.06798198058036047
0.0500064079683234
0.06270419438190583
0.04787963954279167
0.0686216766309080
