[2.0485757266283033
2.4783733714818954
2.8787386726140975
1.7436949788331986
2.76427267023921
3.1480275558829307
1.6493648221194743
0.5729376197736711
0.3749389247726649
0.7838257163718808
0.35036640557227655
0.6109384009230416
0.26124364348268136
0.45580396643839777
0.8625835007452406
0.8379001293322071
0.5614127237368375
0.2558860355305369
0.6110561270981562
0.585974143265863
0.32400043038860893
0.1651255125485477
0.1456863554292213
0.12219528774847277
0.15681013890029863
0.270771566185751
0.13639892664658693
0.10375562305617496
0.11874330189125612
0.1841362836724329
0.1000635285931312
0.38822415889945117
0.8580189424114214
0.18745165544118209
0.1474366381743457
0.0976574569240729
0.13378567303300498
0.16867441571469452
0.11383286956215033
0.08977459849247679
0.09481274232467694
0.07719576611768571
0.11127345714745479
0.0972631074936196
0.07940160755944407
0.08226132774011785
0.057979521532182846
0.09005479509694851
0.0953394990425877
0.06495700514249256
0.16969360009881349
0.07087320719445052
0.07280506749770212
0.05804755211983138
0.05911316327196528
0.11345232205870343
0.05596748567864688
0.08946366684007245
0.1503902533255423
0.09585404627225944
0.0946777967540038
0.06273848974068824
0.04837360365971108
0.13536248135422102
0.23286247927622752
0.07360167804607044
0.07282315536568058
0.06220885439069889
0.04865961379430155
0.12764378428372083
0.05452722530598839
0.050226575651306574
0.05735385341298888
0.059455497406162974
0.06256954719351734
0.18648442173286459
0.05462203089893319
0.08427395833417267
0.07800098272812078
0.1386482573201256
0.06040762217029851
0.07759001992711342
0.051756316536095935
0.06867085414537716
0.06249498581469925
0.044270644078024814
0.049992801607079286
0.05460718095997481
0.045044179649767105
0.0464536759288668
0.041249643936967915
0.05156603848878149
0.05008649211526926
0.04886185049948699
0.06808599785814294
0.13723618840865243
0.10142753371286983
0.12454929166176407
0.23326369514315592
0.05670594714993422
