[0.738333 
0.765 
0.855 
0.883333 
0.916667 
0.925 
0.931667 
0.938333 
0.958333 
0.961667 
0.96 
0.96 
0.963333 
0.961667 
0.961667 
0.961667 
0.971667 
0.961667 
0.971667 
0.973333 
0.971667 
0.973333 
0.968333 
0.971667 
0.978333 
0.973333 
0.97 
0.971667 
0.975 
0.973333 
0.973333 
0.973333 
0.975 
0.97 
0.971667 
0.976667 
0.973333 
0.976667 
0.975 
0.976667 
0.976667 
0.978333 
0.971667 
0.973333 
0.973333 
0.978333 
0.978333 
0.98 
0.978333 
0.975 
0.975 
0.975 
0.98 
0.973333 
0.981667 
0.973333 
0.978333 
0.975 
0.98 
0.975 
0.976667 
0.976667 
0.978333 
0.975 
0.976667 
0.978333 
0.976667 
0.978333 
0.978333 
0.978333 
0.976667 
0.976667 
0.976667 
0.976667 
0.978333 
0.976667 
0.976667 
0.975 
0.978333 
0.978333 
0.98 
0.976667 
0.98 
0.976667 
0.978333 
0.976667 
0.978333 
0.976667 
0.976667 
0.975 
0.976667 
0.978333 
0.976667 
0.975 
0.975 
0.976667 
0.976667 
0.976667 
0.975 
0.975
