0.2294
0.5814
0.6255
0.6069
0.5215
0.5633
0.6932
0.7204
0.7385
0.83
0.9328
0.8632
0.8977
0.9057
0.9283
0.8491
0.9445
0.9498
0.8914
0.9194
0.9548
0.9342
0.9505
0.8775
0.945
0.8931
0.9429
0.9448
0.9605
0.9717
0.966
0.9606
0.9503
0.9576
0.9181
0.9695
0.9006
0.9069
0.8315
0.9057
0.8976
0.9543
0.967
0.938
0.9728
0.9754
0.954
0.9637
0.9649
0.9637
0.9673
0.966666639 
0.968333304 
0.966666639 
0.968333304 
0.964999974 
0.966666639 
0.966666639 
0.968333304 
0.968333304 
0.964999974 
0.964999974 
0.964999974 
0.961666644 
0.963333309 
0.966666639 
0.961666644 
0.964999974 
0.964999974 
0.963333309 
0.961666644 
0.968333304 
0.964999974 
0.963333309 
0.959999979 
0.968333304 
0.961666644 
0.966666639 
0.959999979 
0.964999974 
0.959999979 
0.961666644 
0.963333309 
0.961666644 
0.959999979 
0.961666644 
0.963333309 
0.966666639 
0.961666644 
0.959999979 
0.959999979 
0.959999979 
0.959999979 
0.961666644 
0.959999979 
0.959999979 
0.963333309
0.959999979 
0.959999979 
0.959999979
