0.514666593
0.815666671
0.843999995
0.879666602
0.913666733
0.913999989
0.924333392
0.912666605
0.930666591
0.922333388
0.937999985
0.925999984
0.930999937
0.934666721
0.937333386
0.932666724
0.918666739
0.945666723
0.928333408
0.948666601
0.937666733
0.940666609
0.935999921
0.935333402
0.928333276
0.938333254
0.937
0.931666726
0.94799999
0.947999923
0.941333263
0.943666582
0.94200002
0.947666668
0.9493334
0.947333391
0.950999944
0.949000068
0.949
0.951666732
0.950000055
0.94733327
0.949000055
0.950333278
0.950333278
0.950999933
0.949333256
0.951
0.950999921
0.950666666
0.949666655
0.948666656
0.950666643
0.948999922
0.948666712
0.94899991
0.949333256
0.947333312
0.948333312
0.946666646
0.948666711
0.94966671
0.948666578
0.947333312
0.947333379
0.946999913
0.946666713
0.948333245
0.94666658
0.94666658
0.94633338
0.947333379
0.946000047
0.946666713
0.947333246
0.946666713
0.945666714
0.943666649
0.946999913
0.944999915
0.946666647
0.944666715
0.945999981
0.945333381
0.944666582
0.944333382
0.943999916
0.944333382
0.944333382
0.944666648
0.945000048
0.944999915
0.943333383
0.942999983
0.943333316
0.943666716
0.944333382
0.943666716
0.942999983
0.943666649
