0.501000003
0.78100001
0.838000003
0.854666666
0.885333339
0.884000007
0.889666668
0.899999992
0.88233333
0.910999981
0.902999989
0.892666666
0.907666651
0.896333329
0.903999988
0.910333315
0.906666652
0.910999981
0.915666644
0.902666656
0.899333326
0.912666658
0.90533332
0.913666646
0.920666675
0.911333327
0.903333322
0.917333321
0.904999999
0.917333321
0.910999982
0.908999983
0.916999988
0.905999986
0.91966664
0.917
0.922333328
0.922999994
0.923333339
0.920666663
0.921333317
0.925000028
0.921333317
0.923666684
0.922666661
0.923333339
0.922666673
0.923000006
0.922999982
0.932000007
0.929999973
0.930666651
0.931333305
0.930666663
0.930999972
0.928666641
0.931666638
0.932666649
0.927666642
0.930333318
0.92966664
0.930333306
0.930333318
0.929333307
0.930333306
0.928666641
0.928666641
0.927333309
0.925666644
0.927999975
0.926666643
0.927666642
0.927666642
0.925999977
0.926999976
0.928666641
0.92633331
0.925999977
0.927333309
0.924666645
0.926999976
0.925999977
0.925666644
0.923999979
0.924666645
0.925333311
0.925999977
0.92633331
0.924666645
0.925333311
0.926666643
0.925333311
0.923999979
0.923999979
0.923999979
0.924999978
0.926999976
0.924666645
0.923999979
0.924333312
