0.363333333
0.770000029
0.80666666
0.835000026
0.860000002
0.853333342
0.845000017
0.848333347
0.860000002
0.891666639
0.868333328
0.853333342
0.889999974
0.881666648
0.874999988
0.886666644
0.881666648
0.866666663
0.889999974
0.889999974
0.868333328
0.888333309
0.860000002
0.893333304
0.896666694
0.896666694
0.886666644
0.886666644
0.895000029
0.893333304
0.891666639
0.893333304
0.881666648
0.893333304
0.886666644
0.863333333
0.893333304
0.895000029
0.896666694
0.881666648
0.891666639
0.895000029
0.895000029
0.895000029
0.896666694
0.895000029
0.895000029
0.896666694
0.898333359
0.891666639
0.889999974
0.891666639
0.893333304
0.895000029
0.893333304
0.886666644
0.893333304
0.893333304
0.888333309
0.889999974
0.889999974
0.891666639
0.891666639
0.891666639
0.889999974
0.888333309
0.889999974
0.888333309
0.893333304
0.889999974
0.884999979
0.889999974
0.888333309
0.886666644
0.888333309
0.889999974
0.888333309
0.889999974
0.889999974
0.884999979
0.888333309
0.888333309
0.886666644
0.881666648
0.884999979
0.888333309
0.888333309
0.886666644
0.886666644
0.883333313
0.888333309
0.886666644
0.884999979
0.884999979
0.884999979
0.884999979
0.886666644
0.884999979
0.884999979
0.884999979
