0.421250011
0.788333344
0.814583334
0.839583325
0.868333342
0.875000003
0.870833325
0.88083333
0.88416666
0.892083319
0.874583321
0.875833335
0.897083315
0.889166655
0.895833316
0.899583312
0.894999983
0.899166661
0.899999979
0.894999984
0.8775
0.904583323
0.88416666
0.902499977
0.90875
0.90541667
0.878749999
0.899583312
0.896666664
0.905833321
0.897499981
0.881249997
0.903750005
0.894999998
0.904999974
0.899166661
0.909999999
0.909166667
0.910000014
0.906666669
0.90875
0.910833362
0.907916653
0.909583348
0.909166667
0.910833362
0.909583348
0.910000014
0.909583318
0.909583348
0.906249988
0.906249973
0.908333304
0.909166682
0.907083305
0.893749985
0.907916638
0.908333304
0.903333309
0.907916653
0.905833307
0.906666639
0.90708332
0.904999974
0.906249973
0.904166642
0.904583308
0.903333309
0.902916643
0.904583308
0.902916643
0.904999974
0.904166642
0.903333309
0.903333309
0.904583308
0.903333309
0.903749975
0.903749975
0.900416645
0.903749975
0.90208331
0.901249978
0.899999979
0.901666644
0.901249978
0.902916643
0.901666644
0.902499977
0.901249978
0.902499977
0.901249978
0.899999979
0.899999979
0.899999979
0.900416645
0.90208331
0.900416645
0.899999979
0.899999979
